2014/10/25 12:46:54 [error] [system.db.CDbCommand] CDbCommand::fetchAll() failed: SQLSTATE[42S02]: Base table or view not found: 1146 Table 'cookhacks.tbl_migration' doesn't exist. The SQL statement executed was: SHOW FULL COLUMNS FROM `tbl_migration`.
2014/10/25 12:47:07 [error] [php] date(): It is not safe to rely on the system's timezone settings. You are *required* to use the date.timezone setting or the date_default_timezone_set() function. In case you used any of those methods and you are still getting this warning, you most likely misspelled the timezone identifier. We selected the timezone 'UTC' for now, but please set date.timezone to select your timezone. (/Applications/MAMP/htdocs/projects/cookhacks/app/protected/modules/user/models/User.php:60)
Stack trace:
#0 /Applications/MAMP/htdocs/projects/cookhacks/vendor/yiisoft/yii/framework/base/CModel.php(260): User->createValidators()
#1 /Applications/MAMP/htdocs/projects/cookhacks/vendor/yiisoft/yii/framework/base/CModel.php(158): User->getValidators()
#2 /Applications/MAMP/htdocs/projects/cookhacks/app/protected/modules/user/migrations/m110805_153437_installYiiUser.php(202): User->validate()
#3 /Applications/MAMP/htdocs/projects/cookhacks/app/protected/modules/user/migrations/m110805_153437_installYiiUser.php(112): m110805_153437_installYiiUser->readStdinUser()
#4 /Applications/MAMP/htdocs/projects/cookhacks/vendor/yiisoft/yii/framework/db/CDbMigration.php(53): m110805_153437_installYiiUser->safeUp()
#5 /Applications/MAMP/htdocs/projects/cookhacks/vendor/yiisoft/yii/framework/cli/commands/MigrateCommand.php(415): m110805_153437_installYiiUser->up()
#6 /Applications/MAMP/htdocs/projects/cookhacks/vendor/yiisoft/yii/framework/cli/commands/MigrateCommand.php(109): MigrateCommand->migrateUp()
#7 unknown(0): MigrateCommand->actionUp()
#8 /Applications/MAMP/htdocs/projects/cookhacks/vendor/yiisoft/yii/framework/console/CConsoleCommand.php(172): ReflectionMethod->invokeArgs()
#9 /Applications/MAMP/htdocs/projects/cookhacks/vendor/yiisoft/yii/framework/console/CConsoleCommandRunner.php(71): MigrateCommand->run()
#10 /Applications/MAMP/htdocs/projects/cookhacks/vendor/yiisoft/yii/framework/console/CConsoleApplication.php(92): CConsoleCommandRunner->run()
#11 /Applications/MAMP/htdocs/projects/cookhacks/vendor/yiisoft/yii/framework/base/CApplication.php(184): CConsoleApplication->processRequest()
#12 /Applications/MAMP/htdocs/projects/cookhacks/vendor/yiisoft/yii/framework/yiic.php(33): CConsoleApplication->run()
#13 /Applications/MAMP/htdocs/projects/cookhacks/app/protected/yiic.php(7): require_once()
#14 /Applications/MAMP/htdocs/projects/cookhacks/app/protected/yiic(4): require_once()

2014/10/25 14:49:37 [error] [exception.CDbException] exception 'CDbException' with message 'ActiveRecord "User" пытается выбрать недопустимый столбец "user.create_at". Примечание: столбец должен существовать в таблице или являться выражением с алиасом.' in /Applications/MAMP/htdocs/projects/cookhacks/vendor/yiisoft/yii/framework/db/ar/CActiveFinder.php:965
Stack trace:
#0 /Applications/MAMP/htdocs/projects/cookhacks/vendor/yiisoft/yii/framework/db/ar/CActiveFinder.php(1283): CJoinElement->getColumnSelect(Array)
#1 /Applications/MAMP/htdocs/projects/cookhacks/vendor/yiisoft/yii/framework/db/ar/CActiveFinder.php(436): CJoinQuery->__construct(Object(CJoinElement), Object(CDbCriteria))
#2 /Applications/MAMP/htdocs/projects/cookhacks/vendor/yiisoft/yii/framework/db/ar/CActiveFinder.php(68): CJoinElement->find(Object(CDbCriteria))
#3 /Applications/MAMP/htdocs/projects/cookhacks/vendor/yiisoft/yii/framework/db/ar/CActiveRecord.php(1361): CActiveFinder->query(Object(CDbCriteria), false)
#4 /Applications/MAMP/htdocs/projects/cookhacks/vendor/yiisoft/yii/framework/db/ar/CActiveRecord.php(1524): CActiveRecord->query(Object(CDbCriteria))
#5 /Applications/MAMP/htdocs/projects/cookhacks/app/protected/modules/user/components/UserIdentity.php(27): CActiveRecord->findByAttributes(Array)
#6 /Applications/MAMP/htdocs/projects/cookhacks/app/protected/modules/user/models/UserLogin.php(52): UserIdentity->authenticate()
#7 /Applications/MAMP/htdocs/projects/cookhacks/vendor/yiisoft/yii/framework/validators/CInlineValidator.php(42): UserLogin->authenticate('password', Array)
#8 /Applications/MAMP/htdocs/projects/cookhacks/vendor/yiisoft/yii/framework/validators/CValidator.php(201): CInlineValidator->validateAttribute(Object(UserLogin), 'password')
#9 /Applications/MAMP/htdocs/projects/cookhacks/vendor/yiisoft/yii/framework/base/CModel.php(159): CValidator->validate(Object(UserLogin), NULL)
#10 /Applications/MAMP/htdocs/projects/cookhacks/app/protected/modules/user/controllers/LoginController.php(19): CModel->validate()
#11 /Applications/MAMP/htdocs/projects/cookhacks/vendor/yiisoft/yii/framework/web/actions/CInlineAction.php(49): LoginController->actionLogin()
#12 /Applications/MAMP/htdocs/projects/cookhacks/vendor/yiisoft/yii/framework/web/CController.php(308): CInlineAction->runWithParams(Array)
#13 /Applications/MAMP/htdocs/projects/cookhacks/vendor/yiisoft/yii/framework/web/CController.php(286): CController->runAction(Object(CInlineAction))
#14 /Applications/MAMP/htdocs/projects/cookhacks/vendor/yiisoft/yii/framework/web/CController.php(265): CController->runActionWithFilters(Object(CInlineAction), Array)
#15 /Applications/MAMP/htdocs/projects/cookhacks/vendor/yiisoft/yii/framework/web/CWebApplication.php(282): CController->run('')
#16 /Applications/MAMP/htdocs/projects/cookhacks/vendor/yiisoft/yii/framework/web/CWebApplication.php(141): CWebApplication->runController('user/login')
#17 /Applications/MAMP/htdocs/projects/cookhacks/vendor/yiisoft/yii/framework/base/CApplication.php(184): CWebApplication->processRequest()
#18 /Applications/MAMP/htdocs/projects/cookhacks/app/index.php(13): CApplication->run()
#19 {main}
REQUEST_URI=/projects/cookhacks/app/index.php/user/login
HTTP_REFERER=http://airdan.local:5757/projects/cookhacks/app/index.php/user/login
---
2014/10/25 14:55:13 [error] [exception.CDbException] exception 'CDbException' with message 'ActiveRecord "User" пытается выбрать недопустимый столбец "user.create_at". Примечание: столбец должен существовать в таблице или являться выражением с алиасом.' in /Applications/MAMP/htdocs/projects/cookhacks/vendor/yiisoft/yii/framework/db/ar/CActiveFinder.php:965
Stack trace:
#0 /Applications/MAMP/htdocs/projects/cookhacks/vendor/yiisoft/yii/framework/db/ar/CActiveFinder.php(1283): CJoinElement->getColumnSelect(Array)
#1 /Applications/MAMP/htdocs/projects/cookhacks/vendor/yiisoft/yii/framework/db/ar/CActiveFinder.php(436): CJoinQuery->__construct(Object(CJoinElement), Object(CDbCriteria))
#2 /Applications/MAMP/htdocs/projects/cookhacks/vendor/yiisoft/yii/framework/db/ar/CActiveFinder.php(68): CJoinElement->find(Object(CDbCriteria))
#3 /Applications/MAMP/htdocs/projects/cookhacks/vendor/yiisoft/yii/framework/db/ar/CActiveRecord.php(1361): CActiveFinder->query(Object(CDbCriteria), false)
#4 /Applications/MAMP/htdocs/projects/cookhacks/vendor/yiisoft/yii/framework/db/ar/CActiveRecord.php(1524): CActiveRecord->query(Object(CDbCriteria))
#5 /Applications/MAMP/htdocs/projects/cookhacks/app/protected/modules/user/components/UserIdentity.php(27): CActiveRecord->findByAttributes(Array)
#6 /Applications/MAMP/htdocs/projects/cookhacks/app/protected/modules/user/models/UserLogin.php(52): UserIdentity->authenticate()
#7 /Applications/MAMP/htdocs/projects/cookhacks/vendor/yiisoft/yii/framework/validators/CInlineValidator.php(42): UserLogin->authenticate('password', Array)
#8 /Applications/MAMP/htdocs/projects/cookhacks/vendor/yiisoft/yii/framework/validators/CValidator.php(201): CInlineValidator->validateAttribute(Object(UserLogin), 'password')
#9 /Applications/MAMP/htdocs/projects/cookhacks/vendor/yiisoft/yii/framework/base/CModel.php(159): CValidator->validate(Object(UserLogin), NULL)
#10 /Applications/MAMP/htdocs/projects/cookhacks/app/protected/modules/user/controllers/LoginController.php(19): CModel->validate()
#11 /Applications/MAMP/htdocs/projects/cookhacks/vendor/yiisoft/yii/framework/web/actions/CInlineAction.php(49): LoginController->actionLogin()
#12 /Applications/MAMP/htdocs/projects/cookhacks/vendor/yiisoft/yii/framework/web/CController.php(308): CInlineAction->runWithParams(Array)
#13 /Applications/MAMP/htdocs/projects/cookhacks/vendor/yiisoft/yii/framework/web/CController.php(286): CController->runAction(Object(CInlineAction))
#14 /Applications/MAMP/htdocs/projects/cookhacks/vendor/yiisoft/yii/framework/web/CController.php(265): CController->runActionWithFilters(Object(CInlineAction), Array)
#15 /Applications/MAMP/htdocs/projects/cookhacks/vendor/yiisoft/yii/framework/web/CWebApplication.php(282): CController->run('')
#16 /Applications/MAMP/htdocs/projects/cookhacks/vendor/yiisoft/yii/framework/web/CWebApplication.php(141): CWebApplication->runController('user/login')
#17 /Applications/MAMP/htdocs/projects/cookhacks/vendor/yiisoft/yii/framework/base/CApplication.php(184): CWebApplication->processRequest()
#18 /Applications/MAMP/htdocs/projects/cookhacks/app/index.php(13): CApplication->run()
#19 {main}
REQUEST_URI=/projects/cookhacks/app/index.php/user/login
HTTP_REFERER=http://airdan.local:5757/projects/cookhacks/app/index.php/user/login
---
2014/10/25 15:05:57 [error] [exception.CDbException] exception 'CDbException' with message 'ActiveRecord "User" пытается выбрать недопустимый столбец "user.create_at". Примечание: столбец должен существовать в таблице или являться выражением с алиасом.' in /Applications/MAMP/htdocs/projects/cookhacks/vendor/yiisoft/yii/framework/db/ar/CActiveFinder.php:965
Stack trace:
#0 /Applications/MAMP/htdocs/projects/cookhacks/vendor/yiisoft/yii/framework/db/ar/CActiveFinder.php(1283): CJoinElement->getColumnSelect(Array)
#1 /Applications/MAMP/htdocs/projects/cookhacks/vendor/yiisoft/yii/framework/db/ar/CActiveFinder.php(436): CJoinQuery->__construct(Object(CJoinElement), Object(CDbCriteria))
#2 /Applications/MAMP/htdocs/projects/cookhacks/vendor/yiisoft/yii/framework/db/ar/CActiveFinder.php(68): CJoinElement->find(Object(CDbCriteria))
#3 /Applications/MAMP/htdocs/projects/cookhacks/vendor/yiisoft/yii/framework/db/ar/CActiveRecord.php(1361): CActiveFinder->query(Object(CDbCriteria), false)
#4 /Applications/MAMP/htdocs/projects/cookhacks/vendor/yiisoft/yii/framework/db/ar/CActiveRecord.php(1524): CActiveRecord->query(Object(CDbCriteria))
#5 /Applications/MAMP/htdocs/projects/cookhacks/app/protected/modules/user/components/UserIdentity.php(27): CActiveRecord->findByAttributes(Array)
#6 /Applications/MAMP/htdocs/projects/cookhacks/app/protected/modules/user/models/UserLogin.php(52): UserIdentity->authenticate()
#7 /Applications/MAMP/htdocs/projects/cookhacks/vendor/yiisoft/yii/framework/validators/CInlineValidator.php(42): UserLogin->authenticate('password', Array)
#8 /Applications/MAMP/htdocs/projects/cookhacks/vendor/yiisoft/yii/framework/validators/CValidator.php(201): CInlineValidator->validateAttribute(Object(UserLogin), 'password')
#9 /Applications/MAMP/htdocs/projects/cookhacks/vendor/yiisoft/yii/framework/base/CModel.php(159): CValidator->validate(Object(UserLogin), NULL)
#10 /Applications/MAMP/htdocs/projects/cookhacks/app/protected/modules/user/controllers/LoginController.php(19): CModel->validate()
#11 /Applications/MAMP/htdocs/projects/cookhacks/vendor/yiisoft/yii/framework/web/actions/CInlineAction.php(49): LoginController->actionLogin()
#12 /Applications/MAMP/htdocs/projects/cookhacks/vendor/yiisoft/yii/framework/web/CController.php(308): CInlineAction->runWithParams(Array)
#13 /Applications/MAMP/htdocs/projects/cookhacks/vendor/yiisoft/yii/framework/web/CController.php(286): CController->runAction(Object(CInlineAction))
#14 /Applications/MAMP/htdocs/projects/cookhacks/vendor/yiisoft/yii/framework/web/CController.php(265): CController->runActionWithFilters(Object(CInlineAction), Array)
#15 /Applications/MAMP/htdocs/projects/cookhacks/vendor/yiisoft/yii/framework/web/CWebApplication.php(282): CController->run('')
#16 /Applications/MAMP/htdocs/projects/cookhacks/vendor/yiisoft/yii/framework/web/CWebApplication.php(141): CWebApplication->runController('user/login')
#17 /Applications/MAMP/htdocs/projects/cookhacks/vendor/yiisoft/yii/framework/base/CApplication.php(184): CWebApplication->processRequest()
#18 /Applications/MAMP/htdocs/projects/cookhacks/app/index.php(13): CApplication->run()
#19 {main}
REQUEST_URI=/projects/cookhacks/app/index.php/user/login
HTTP_REFERER=http://airdan.local:5757/projects/cookhacks/app/index.php/user/login
---
2014/10/25 15:10:41 [error] [exception.CDbException] exception 'CDbException' with message 'ActiveRecord "User" пытается выбрать недопустимый столбец "user.lastvisit_at". Примечание: столбец должен существовать в таблице или являться выражением с алиасом.' in /Applications/MAMP/htdocs/projects/cookhacks/vendor/yiisoft/yii/framework/db/ar/CActiveFinder.php:965
Stack trace:
#0 /Applications/MAMP/htdocs/projects/cookhacks/vendor/yiisoft/yii/framework/db/ar/CActiveFinder.php(1283): CJoinElement->getColumnSelect(Array)
#1 /Applications/MAMP/htdocs/projects/cookhacks/vendor/yiisoft/yii/framework/db/ar/CActiveFinder.php(436): CJoinQuery->__construct(Object(CJoinElement), Object(CDbCriteria))
#2 /Applications/MAMP/htdocs/projects/cookhacks/vendor/yiisoft/yii/framework/db/ar/CActiveFinder.php(68): CJoinElement->find(Object(CDbCriteria))
#3 /Applications/MAMP/htdocs/projects/cookhacks/vendor/yiisoft/yii/framework/db/ar/CActiveRecord.php(1361): CActiveFinder->query(Object(CDbCriteria), false)
#4 /Applications/MAMP/htdocs/projects/cookhacks/vendor/yiisoft/yii/framework/db/ar/CActiveRecord.php(1524): CActiveRecord->query(Object(CDbCriteria))
#5 /Applications/MAMP/htdocs/projects/cookhacks/app/protected/modules/user/components/UserIdentity.php(27): CActiveRecord->findByAttributes(Array)
#6 /Applications/MAMP/htdocs/projects/cookhacks/app/protected/modules/user/models/UserLogin.php(52): UserIdentity->authenticate()
#7 /Applications/MAMP/htdocs/projects/cookhacks/vendor/yiisoft/yii/framework/validators/CInlineValidator.php(42): UserLogin->authenticate('password', Array)
#8 /Applications/MAMP/htdocs/projects/cookhacks/vendor/yiisoft/yii/framework/validators/CValidator.php(201): CInlineValidator->validateAttribute(Object(UserLogin), 'password')
#9 /Applications/MAMP/htdocs/projects/cookhacks/vendor/yiisoft/yii/framework/base/CModel.php(159): CValidator->validate(Object(UserLogin), NULL)
#10 /Applications/MAMP/htdocs/projects/cookhacks/app/protected/modules/user/controllers/LoginController.php(19): CModel->validate()
#11 /Applications/MAMP/htdocs/projects/cookhacks/vendor/yiisoft/yii/framework/web/actions/CInlineAction.php(49): LoginController->actionLogin()
#12 /Applications/MAMP/htdocs/projects/cookhacks/vendor/yiisoft/yii/framework/web/CController.php(308): CInlineAction->runWithParams(Array)
#13 /Applications/MAMP/htdocs/projects/cookhacks/vendor/yiisoft/yii/framework/web/CController.php(286): CController->runAction(Object(CInlineAction))
#14 /Applications/MAMP/htdocs/projects/cookhacks/vendor/yiisoft/yii/framework/web/CController.php(265): CController->runActionWithFilters(Object(CInlineAction), Array)
#15 /Applications/MAMP/htdocs/projects/cookhacks/vendor/yiisoft/yii/framework/web/CWebApplication.php(282): CController->run('')
#16 /Applications/MAMP/htdocs/projects/cookhacks/vendor/yiisoft/yii/framework/web/CWebApplication.php(141): CWebApplication->runController('user/login')
#17 /Applications/MAMP/htdocs/projects/cookhacks/vendor/yiisoft/yii/framework/base/CApplication.php(184): CWebApplication->processRequest()
#18 /Applications/MAMP/htdocs/projects/cookhacks/app/index.php(13): CApplication->run()
#19 {main}
REQUEST_URI=/projects/cookhacks/app/index.php/user/login
HTTP_REFERER=http://airdan.local:5757/projects/cookhacks/app/index.php/user/login
---
2014/10/25 15:11:30 [error] [exception.CException] exception 'CException' with message 'Не определено свойство "User.create_at".' in /Applications/MAMP/htdocs/projects/cookhacks/vendor/yiisoft/yii/framework/base/CComponent.php:130
Stack trace:
#0 /Applications/MAMP/htdocs/projects/cookhacks/vendor/yiisoft/yii/framework/db/ar/CActiveRecord.php(145): CComponent->__get('create_at')
#1 /Applications/MAMP/htdocs/projects/cookhacks/app/protected/modules/user/components/WebUser.php(41): CActiveRecord->__get('create_at')
#2 /Applications/MAMP/htdocs/projects/cookhacks/app/protected/modules/user/components/WebUser.php(33): WebUser->updateSession()
#3 /Applications/MAMP/htdocs/projects/cookhacks/vendor/yiisoft/yii/framework/web/auth/CWebUser.php(246): WebUser->afterLogin(false)
#4 /Applications/MAMP/htdocs/projects/cookhacks/app/protected/modules/user/models/UserLogin.php(57): CWebUser->login(Object(UserIdentity), 0)
#5 /Applications/MAMP/htdocs/projects/cookhacks/vendor/yiisoft/yii/framework/validators/CInlineValidator.php(42): UserLogin->authenticate('password', Array)
#6 /Applications/MAMP/htdocs/projects/cookhacks/vendor/yiisoft/yii/framework/validators/CValidator.php(201): CInlineValidator->validateAttribute(Object(UserLogin), 'password')
#7 /Applications/MAMP/htdocs/projects/cookhacks/vendor/yiisoft/yii/framework/base/CModel.php(159): CValidator->validate(Object(UserLogin), NULL)
#8 /Applications/MAMP/htdocs/projects/cookhacks/app/protected/modules/user/controllers/LoginController.php(19): CModel->validate()
#9 /Applications/MAMP/htdocs/projects/cookhacks/vendor/yiisoft/yii/framework/web/actions/CInlineAction.php(49): LoginController->actionLogin()
#10 /Applications/MAMP/htdocs/projects/cookhacks/vendor/yiisoft/yii/framework/web/CController.php(308): CInlineAction->runWithParams(Array)
#11 /Applications/MAMP/htdocs/projects/cookhacks/vendor/yiisoft/yii/framework/web/CController.php(286): CController->runAction(Object(CInlineAction))
#12 /Applications/MAMP/htdocs/projects/cookhacks/vendor/yiisoft/yii/framework/web/CController.php(265): CController->runActionWithFilters(Object(CInlineAction), Array)
#13 /Applications/MAMP/htdocs/projects/cookhacks/vendor/yiisoft/yii/framework/web/CWebApplication.php(282): CController->run('')
#14 /Applications/MAMP/htdocs/projects/cookhacks/vendor/yiisoft/yii/framework/web/CWebApplication.php(141): CWebApplication->runController('user/login')
#15 /Applications/MAMP/htdocs/projects/cookhacks/vendor/yiisoft/yii/framework/base/CApplication.php(184): CWebApplication->processRequest()
#16 /Applications/MAMP/htdocs/projects/cookhacks/app/index.php(13): CApplication->run()
#17 {main}
REQUEST_URI=/projects/cookhacks/app/index.php/user/login
HTTP_REFERER=http://airdan.local:5757/projects/cookhacks/app/index.php/user/login
---
2014/10/25 15:16:05 [error] [exception.CDbException] exception 'CDbException' with message 'ActiveRecord "User" пытается выбрать недопустимый столбец "user.createtime". Примечание: столбец должен существовать в таблице или являться выражением с алиасом.' in /Applications/MAMP/htdocs/projects/cookhacks/vendor/yiisoft/yii/framework/db/ar/CActiveFinder.php:965
Stack trace:
#0 /Applications/MAMP/htdocs/projects/cookhacks/vendor/yiisoft/yii/framework/db/ar/CActiveFinder.php(1283): CJoinElement->getColumnSelect('user.id, user.u...')
#1 /Applications/MAMP/htdocs/projects/cookhacks/vendor/yiisoft/yii/framework/db/ar/CActiveFinder.php(436): CJoinQuery->__construct(Object(CJoinElement), Object(CDbCriteria))
#2 /Applications/MAMP/htdocs/projects/cookhacks/vendor/yiisoft/yii/framework/db/ar/CActiveFinder.php(68): CJoinElement->find(Object(CDbCriteria))
#3 /Applications/MAMP/htdocs/projects/cookhacks/vendor/yiisoft/yii/framework/db/ar/CActiveRecord.php(1361): CActiveFinder->query(Object(CDbCriteria), false)
#4 /Applications/MAMP/htdocs/projects/cookhacks/vendor/yiisoft/yii/framework/db/ar/CActiveRecord.php(1491): CActiveRecord->query(Object(CDbCriteria))
#5 /Applications/MAMP/htdocs/projects/cookhacks/app/protected/modules/user/UserModule.php(239): CActiveRecord->findByPk('1')
#6 /Applications/MAMP/htdocs/projects/cookhacks/app/protected/modules/user/controllers/ProfileController.php(100): UserModule::user()
#7 /Applications/MAMP/htdocs/projects/cookhacks/app/protected/modules/user/controllers/ProfileController.php(17): ProfileController->loadUser()
#8 /Applications/MAMP/htdocs/projects/cookhacks/vendor/yiisoft/yii/framework/web/actions/CInlineAction.php(49): ProfileController->actionProfile()
#9 /Applications/MAMP/htdocs/projects/cookhacks/vendor/yiisoft/yii/framework/web/CController.php(308): CInlineAction->runWithParams(Array)
#10 /Applications/MAMP/htdocs/projects/cookhacks/vendor/yiisoft/yii/framework/web/CController.php(286): CController->runAction(Object(CInlineAction))
#11 /Applications/MAMP/htdocs/projects/cookhacks/vendor/yiisoft/yii/framework/web/CController.php(265): CController->runActionWithFilters(Object(CInlineAction), Array)
#12 /Applications/MAMP/htdocs/projects/cookhacks/vendor/yiisoft/yii/framework/web/CWebApplication.php(282): CController->run('')
#13 /Applications/MAMP/htdocs/projects/cookhacks/vendor/yiisoft/yii/framework/web/CWebApplication.php(141): CWebApplication->runController('user/profile')
#14 /Applications/MAMP/htdocs/projects/cookhacks/vendor/yiisoft/yii/framework/base/CApplication.php(184): CWebApplication->processRequest()
#15 /Applications/MAMP/htdocs/projects/cookhacks/app/index.php(13): CApplication->run()
#16 {main}
REQUEST_URI=/projects/cookhacks/app/index.php/user/profile
HTTP_REFERER=http://airdan.local:5757/projects/cookhacks/app/?ckcachecontrol=1414241362
---
2014/10/25 15:16:23 [error] [exception.CDbException] exception 'CDbException' with message 'ActiveRecord "User" пытается выбрать недопустимый столбец "user.createtime". Примечание: столбец должен существовать в таблице или являться выражением с алиасом.' in /Applications/MAMP/htdocs/projects/cookhacks/vendor/yiisoft/yii/framework/db/ar/CActiveFinder.php:965
Stack trace:
#0 /Applications/MAMP/htdocs/projects/cookhacks/vendor/yiisoft/yii/framework/db/ar/CActiveFinder.php(1283): CJoinElement->getColumnSelect(Array)
#1 /Applications/MAMP/htdocs/projects/cookhacks/vendor/yiisoft/yii/framework/db/ar/CActiveFinder.php(436): CJoinQuery->__construct(Object(CJoinElement), Object(CDbCriteria))
#2 /Applications/MAMP/htdocs/projects/cookhacks/vendor/yiisoft/yii/framework/db/ar/CActiveFinder.php(68): CJoinElement->find(Object(CDbCriteria))
#3 /Applications/MAMP/htdocs/projects/cookhacks/vendor/yiisoft/yii/framework/db/ar/CActiveRecord.php(1361): CActiveFinder->query(Object(CDbCriteria), false)
#4 /Applications/MAMP/htdocs/projects/cookhacks/vendor/yiisoft/yii/framework/db/ar/CActiveRecord.php(1524): CActiveRecord->query(Object(CDbCriteria))
#5 /Applications/MAMP/htdocs/projects/cookhacks/app/protected/modules/user/components/UserIdentity.php(27): CActiveRecord->findByAttributes(Array)
#6 /Applications/MAMP/htdocs/projects/cookhacks/app/protected/modules/user/models/UserLogin.php(52): UserIdentity->authenticate()
#7 /Applications/MAMP/htdocs/projects/cookhacks/vendor/yiisoft/yii/framework/validators/CInlineValidator.php(42): UserLogin->authenticate('password', Array)
#8 /Applications/MAMP/htdocs/projects/cookhacks/vendor/yiisoft/yii/framework/validators/CValidator.php(201): CInlineValidator->validateAttribute(Object(UserLogin), 'password')
#9 /Applications/MAMP/htdocs/projects/cookhacks/vendor/yiisoft/yii/framework/base/CModel.php(159): CValidator->validate(Object(UserLogin), NULL)
#10 /Applications/MAMP/htdocs/projects/cookhacks/app/protected/modules/user/controllers/LoginController.php(19): CModel->validate()
#11 /Applications/MAMP/htdocs/projects/cookhacks/vendor/yiisoft/yii/framework/web/actions/CInlineAction.php(49): LoginController->actionLogin()
#12 /Applications/MAMP/htdocs/projects/cookhacks/vendor/yiisoft/yii/framework/web/CController.php(308): CInlineAction->runWithParams(Array)
#13 /Applications/MAMP/htdocs/projects/cookhacks/vendor/yiisoft/yii/framework/web/CController.php(286): CController->runAction(Object(CInlineAction))
#14 /Applications/MAMP/htdocs/projects/cookhacks/vendor/yiisoft/yii/framework/web/CController.php(265): CController->runActionWithFilters(Object(CInlineAction), Array)
#15 /Applications/MAMP/htdocs/projects/cookhacks/vendor/yiisoft/yii/framework/web/CWebApplication.php(282): CController->run('')
#16 /Applications/MAMP/htdocs/projects/cookhacks/vendor/yiisoft/yii/framework/web/CWebApplication.php(141): CWebApplication->runController('user/login')
#17 /Applications/MAMP/htdocs/projects/cookhacks/vendor/yiisoft/yii/framework/base/CApplication.php(184): CWebApplication->processRequest()
#18 /Applications/MAMP/htdocs/projects/cookhacks/app/index.php(13): CApplication->run()
#19 {main}
REQUEST_URI=/projects/cookhacks/app/index.php/user/login
HTTP_REFERER=http://airdan.local:5757/projects/cookhacks/app/index.php/user/login
---
2014/10/25 15:17:37 [error] [exception.CDbException] exception 'CDbException' with message 'ActiveRecord "User" пытается выбрать недопустимый столбец "user.lastvisit_at". Примечание: столбец должен существовать в таблице или являться выражением с алиасом.' in /Applications/MAMP/htdocs/projects/cookhacks/vendor/yiisoft/yii/framework/db/ar/CActiveFinder.php:965
Stack trace:
#0 /Applications/MAMP/htdocs/projects/cookhacks/vendor/yiisoft/yii/framework/db/ar/CActiveFinder.php(1283): CJoinElement->getColumnSelect(Array)
#1 /Applications/MAMP/htdocs/projects/cookhacks/vendor/yiisoft/yii/framework/db/ar/CActiveFinder.php(436): CJoinQuery->__construct(Object(CJoinElement), Object(CDbCriteria))
#2 /Applications/MAMP/htdocs/projects/cookhacks/vendor/yiisoft/yii/framework/db/ar/CActiveFinder.php(68): CJoinElement->find(Object(CDbCriteria))
#3 /Applications/MAMP/htdocs/projects/cookhacks/vendor/yiisoft/yii/framework/db/ar/CActiveRecord.php(1361): CActiveFinder->query(Object(CDbCriteria), false)
#4 /Applications/MAMP/htdocs/projects/cookhacks/vendor/yiisoft/yii/framework/db/ar/CActiveRecord.php(1524): CActiveRecord->query(Object(CDbCriteria))
#5 /Applications/MAMP/htdocs/projects/cookhacks/app/protected/modules/user/components/UserIdentity.php(27): CActiveRecord->findByAttributes(Array)
#6 /Applications/MAMP/htdocs/projects/cookhacks/app/protected/modules/user/models/UserLogin.php(52): UserIdentity->authenticate()
#7 /Applications/MAMP/htdocs/projects/cookhacks/vendor/yiisoft/yii/framework/validators/CInlineValidator.php(42): UserLogin->authenticate('password', Array)
#8 /Applications/MAMP/htdocs/projects/cookhacks/vendor/yiisoft/yii/framework/validators/CValidator.php(201): CInlineValidator->validateAttribute(Object(UserLogin), 'password')
#9 /Applications/MAMP/htdocs/projects/cookhacks/vendor/yiisoft/yii/framework/base/CModel.php(159): CValidator->validate(Object(UserLogin), NULL)
#10 /Applications/MAMP/htdocs/projects/cookhacks/app/protected/modules/user/controllers/LoginController.php(19): CModel->validate()
#11 /Applications/MAMP/htdocs/projects/cookhacks/vendor/yiisoft/yii/framework/web/actions/CInlineAction.php(49): LoginController->actionLogin()
#12 /Applications/MAMP/htdocs/projects/cookhacks/vendor/yiisoft/yii/framework/web/CController.php(308): CInlineAction->runWithParams(Array)
#13 /Applications/MAMP/htdocs/projects/cookhacks/vendor/yiisoft/yii/framework/web/CController.php(286): CController->runAction(Object(CInlineAction))
#14 /Applications/MAMP/htdocs/projects/cookhacks/vendor/yiisoft/yii/framework/web/CController.php(265): CController->runActionWithFilters(Object(CInlineAction), Array)
#15 /Applications/MAMP/htdocs/projects/cookhacks/vendor/yiisoft/yii/framework/web/CWebApplication.php(282): CController->run('')
#16 /Applications/MAMP/htdocs/projects/cookhacks/vendor/yiisoft/yii/framework/web/CWebApplication.php(141): CWebApplication->runController('user/login')
#17 /Applications/MAMP/htdocs/projects/cookhacks/vendor/yiisoft/yii/framework/base/CApplication.php(184): CWebApplication->processRequest()
#18 /Applications/MAMP/htdocs/projects/cookhacks/app/index.php(13): CApplication->run()
#19 {main}
REQUEST_URI=/projects/cookhacks/app/index.php/user/login
HTTP_REFERER=http://airdan.local:5757/projects/cookhacks/app/index.php/user/login
---
2014/10/25 19:28:24 [error] [exception.CException] exception 'CException' with message 'Не определено свойство "ContactForm.Имя".' in /Applications/MAMP/htdocs/projects/cookhacks/vendor/yiisoft/yii/framework/base/CComponent.php:130
Stack trace:
#0 /Applications/MAMP/htdocs/projects/cookhacks/vendor/yiisoft/yii/framework/web/helpers/CHtml.php(2728): CComponent->__get('\xD0\x98\xD0\xBC\xD1\x8F')
#1 /Applications/MAMP/htdocs/projects/cookhacks/vendor/yiisoft/yii/framework/web/helpers/CHtml.php(2451): CHtml::resolveValue(Object(ContactForm), '\xD0\x98\xD0\xBC\xD1\x8F')
#2 /Applications/MAMP/htdocs/projects/cookhacks/vendor/yiisoft/yii/framework/web/helpers/CHtml.php(1533): CHtml::activeInputField('text', Object(ContactForm), '\xD0\x98\xD0\xBC\xD1\x8F', Array)
#3 /Applications/MAMP/htdocs/projects/cookhacks/vendor/yiisoft/yii/framework/web/widgets/CActiveForm.php(792): CHtml::activeTextField(Object(ContactForm), '\xD0\x98\xD0\xBC\xD1\x8F', Array)
#4 /Applications/MAMP/htdocs/projects/cookhacks/app/protected/views/site/contact.php(40): CActiveForm->textField(Object(ContactForm), '\xD0\x98\xD0\xBC\xD1\x8F')
#5 /Applications/MAMP/htdocs/projects/cookhacks/vendor/yiisoft/yii/framework/web/CBaseController.php(126): require('/Applications/M...')
#6 /Applications/MAMP/htdocs/projects/cookhacks/vendor/yiisoft/yii/framework/web/CBaseController.php(95): CBaseController->renderInternal('/Applications/M...', Array, true)
#7 /Applications/MAMP/htdocs/projects/cookhacks/vendor/yiisoft/yii/framework/web/CController.php(869): CBaseController->renderFile('/Applications/M...', Array, true)
#8 /Applications/MAMP/htdocs/projects/cookhacks/vendor/yiisoft/yii/framework/web/CController.php(782): CController->renderPartial('contact', Array, true)
#9 /Applications/MAMP/htdocs/projects/cookhacks/app/protected/controllers/SiteController.php(72): CController->render('contact', Array)
#10 /Applications/MAMP/htdocs/projects/cookhacks/vendor/yiisoft/yii/framework/web/actions/CInlineAction.php(49): SiteController->actionContact()
#11 /Applications/MAMP/htdocs/projects/cookhacks/vendor/yiisoft/yii/framework/web/CController.php(308): CInlineAction->runWithParams(Array)
#12 /Applications/MAMP/htdocs/projects/cookhacks/vendor/yiisoft/yii/framework/web/CController.php(286): CController->runAction(Object(CInlineAction))
#13 /Applications/MAMP/htdocs/projects/cookhacks/vendor/yiisoft/yii/framework/web/CController.php(265): CController->runActionWithFilters(Object(CInlineAction), Array)
#14 /Applications/MAMP/htdocs/projects/cookhacks/vendor/yiisoft/yii/framework/web/CWebApplication.php(282): CController->run('contact')
#15 /Applications/MAMP/htdocs/projects/cookhacks/vendor/yiisoft/yii/framework/web/CWebApplication.php(141): CWebApplication->runController('site/contact')
#16 /Applications/MAMP/htdocs/projects/cookhacks/vendor/yiisoft/yii/framework/base/CApplication.php(184): CWebApplication->processRequest()
#17 /Applications/MAMP/htdocs/projects/cookhacks/app/index.php(13): CApplication->run()
#18 {main}
REQUEST_URI=/projects/cookhacks/app/index.php/site/contact?ckcachecontrol=1414258105
HTTP_REFERER=http://airdan.local:5757/projects/cookhacks/app/index.php/site/contact?ckcachecontrol=1414258079
---
